<?xml version="1.0" encoding="UTF-8"?>
<!-- Generated by org.testng.reporters.JUnitXMLReporter -->
<testsuite hostname="LTIN122556" ignored="0" name="S02_Login_As_Existing_User-Run1" tests="1" failures="0" timestamp="14 Jan 2020 09:37:07 GMT" time="85.867" errors="0">
  <testcase name="@AfterMethod afterMethod" time="0.0" classname="com.mop.qa.testbase.TestBase">
    <failure type="java.lang.NullPointerException">
      <![CDATA[java.lang.NullPointerException
	at com.mop.qa.testbase.TestBase.afterMethod(TestBase.java:237)
	at com.mop.qa.testrunner.TestRunner.main(TestRunner.java:165)
... Removed 24 stack frames]]>
    </failure>
  </testcase> <!-- @AfterMethod afterMethod -->
  <testcase name="Test_NFT_S02_Login_As_Existing_User_TestCase" time="80.142" classname="com.mop.qa.test.regression.Test_NFT_S02_Login_As_Existing_User"/>
</testsuite> <!-- S02_Login_As_Existing_User-Run1 -->
