<?xml version="1.0" encoding="UTF-8"?>
<!-- Generated by org.testng.reporters.JUnitXMLReporter -->
<testsuite hostname="LTIN122556" ignored="0" name="S05_O2A_Stream_user_Current_Test_Results-Run1" tests="1" failures="0" timestamp="14 Jan 2020 08:40:03 GMT" time="20.005" errors="0">
  <testcase name="@AfterMethod afterMethod" time="0.0" classname="com.mop.qa.testbase.TestBase">
    <failure type="java.lang.NullPointerException">
      <![CDATA[java.lang.NullPointerException
	at com.mop.qa.testbase.TestBase.afterMethod(TestBase.java:237)
	at com.mop.qa.testrunner.TestRunner.main(TestRunner.java:165)
... Removed 24 stack frames]]>
    </failure>
  </testcase> <!-- @AfterMethod afterMethod -->
  <testcase name="Test_NFT_S05_O2A_Stream_user_TestRun_TestCase" time="16.017" classname="com.mop.qa.test.regression.Test_NFT_S05_O2A_Stream_user_Current_Test_Results"/>
</testsuite> <!-- S05_O2A_Stream_user_Current_Test_Results-Run1 -->
