<?xml version="1.0" encoding="UTF-8"?>
<!-- Generated by org.testng.reporters.JUnitXMLReporter -->
<testsuite hostname="LTIN122556" ignored="0" name="Test" tests="1" failures="0" timestamp="14 Jan 2020 05:28:17 GMT" time="34.617" errors="0">
  <testcase name="@AfterMethod afterMethod" time="0.0" classname="com.mop.qa.testbase.TestBase">
    <failure type="java.lang.NullPointerException">
      <![CDATA[java.lang.NullPointerException
	at com.mop.qa.testbase.TestBase.afterMethod(TestBase.java:237)
... Removed 27 stack frames]]>
    </failure>
  </testcase> <!-- @AfterMethod afterMethod -->
  <testcase name="Test_NFT_End_to_End_Testing_TestCase" time="29.401" classname="com.mop.qa.test.regression.Test_NFT_End_to_End_Testing"/>
</testsuite> <!-- Test -->
